This is pdfTeX, Version 3.141592653-2.6-1.40.25 (TeX Live 2023/Debian) (preloaded format=pdflatex 2026.4.18)  18 APR 2026 23:58
entering extended mode
 restricted \write18 enabled.
 %&-line parsing enabled.
**refman.tex
(./refman.tex
LaTeX2e <2023-11-01> patch level 1
L3 programming layer <2024-01-22>
(/usr/share/texlive/texmf-dist/tex/latex/base/book.cls
Document Class: book 2023/05/17 v1.4n Standard LaTeX document class
(/usr/share/texlive/texmf-dist/tex/latex/base/bk10.clo
File: bk10.clo 2023/05/17 v1.4n Standard LaTeX file (size option)
)
\c@part=\count187
\c@chapter=\count188
\c@section=\count189
\c@subsection=\count190
\c@subsubsection=\count191
\c@paragraph=\count192
\c@subparagraph=\count193
\c@figure=\count194
\c@table=\count195
\abovecaptionskip=\skip48
\belowcaptionskip=\skip49
\bibindent=\dimen140
)
(/usr/share/texlive/texmf-dist/tex/latex/base/ifthen.sty
Package: ifthen 2022/04/13 v1.1d Standard LaTeX ifthen package (DPC)
)
(/usr/share/texlive/texmf-dist/tex/latex/tools/array.sty
Rollback for package 'array' requested -> date 2016-10-06.
         Best approximation is the release introduced on 2016-10-06.

(/usr/share/texlive/texmf-dist/tex/latex/tools/array-2016-10-06.sty
Package: array 2016/10/06 v2.4d Tabular extension package (FMi)
\col@sep=\dimen141
\extrarowheight=\dimen142
\NC@list=\toks17
\extratabsurround=\skip50
\backup@length=\skip51
))
(/usr/share/texlive/texmf-dist/tex/generic/infwarerr/infwarerr.sty
package info suppressed
)
(./doxygen.sty
Package: doxygen 
 (/usr/share/texlive/texmf-dist/tex/latex/base/alltt.sty
Package: alltt 2021/01/29 v2.0g defines alltt environment
)
(/usr/share/texlive/texmf-dist/tex/latex/tools/calc.sty
Package: calc 2023/07/08 v4.3 Infix arithmetic (KKT,FJ)
\calc@Acount=\count196
\calc@Bcount=\count197
\calc@Adimen=\dimen143
\calc@Bdimen=\dimen144
\calc@Askip=\skip52
\calc@Bskip=\skip53
LaTeX Info: Redefining \setlength on input line 80.
LaTeX Info: Redefining \addtolength on input line 81.
\calc@Ccount=\count198
\calc@Cskip=\skip54
)
(/usr/share/texlive/texmf-dist/tex/latex/float/float.sty
Package: float 2001/11/08 v1.3d Float enhancements (AL)
\c@float@type=\count199
\float@exts=\toks18
\float@box=\box51
\@float@everytoks=\toks19
\@floatcapt=\box52
)
(/usr/share/texlive/texmf-dist/tex/latex/tools/verbatim.sty
Package: verbatim 2023-11-06 v1.5v LaTeX2e package for verbatim enhancements
\every@verbatim=\toks20
\verbatim@line=\toks21
\verbatim@in@stream=\read2
)
(/usr/share/texlive/texmf-dist/tex/latex/xcolor/xcolor.sty
Package: xcolor 2023/11/15 v3.01 LaTeX color extensions (UK)

(/usr/share/texlive/texmf-dist/tex/latex/graphics-cfg/color.cfg
File: color.cfg 2016/01/02 v1.6 sample color configuration
)
Package xcolor Info: Driver file: pdftex.def on input line 274.

(/usr/share/texlive/texmf-dist/tex/latex/graphics-def/pdftex.def
File: pdftex.def 2022/09/22 v1.2b Graphics/color driver for pdftex
)
(/usr/share/texlive/texmf-dist/tex/latex/graphics/mathcolor.ltx)
Package xcolor Info: Model `cmy' substituted by `cmy0' on input line 1350.
Package xcolor Info: Model `hsb' substituted by `rgb' on input line 1354.
Package xcolor Info: Model `RGB' extended on input line 1366.
Package xcolor Info: Model `HTML' substituted by `rgb' on input line 1368.
Package xcolor Info: Model `Hsb' substituted by `hsb' on input line 1369.
Package xcolor Info: Model `tHsb' substituted by `hsb' on input line 1370.
Package xcolor Info: Model `HSB' substituted by `hsb' on input line 1371.
Package xcolor Info: Model `Gray' substituted by `gray' on input line 1372.
Package xcolor Info: Model `wave' substituted by `hsb' on input line 1373.
)
(/usr/share/texlive/texmf-dist/tex/latex/colortbl/colortbl.sty
Package: colortbl 2022/06/20 v1.0f Color table columns (DPC)
\everycr=\toks22
\minrowclearance=\skip55
\rownum=\count266
)
(./longtable_doxygen.sty
Package: longtable_doxygen 2014/10/28 v4.11 Multi-page Table package (DPC) - fr
ozen version for doxygen
\LTleft=\skip56
\LTright=\skip57
\LTpre=\skip58
\LTpost=\skip59
\LTchunksize=\count267
\LTcapwidth=\dimen145
\LT@head=\box53
\LT@firsthead=\box54
\LT@foot=\box55
\LT@lastfoot=\box56
\LT@cols=\count268
\LT@rows=\count269
\c@LT@tables=\count270
\c@LT@chunks=\count271
\LT@p@ftn=\toks23
) (./tabu_doxygen.sty
Package: tabu_doxygen 2011/02/26 v2.8 - flexible LaTeX tabulars (FC), frozen ve
rsion for doxygen

(/usr/share/texlive/texmf-dist/tex/latex/varwidth/varwidth.sty
Package: varwidth 2009/03/30 ver 0.92;  Variable-width minipages
\@vwid@box=\box57
\sift@deathcycles=\count272
\@vwid@loff=\dimen146
\@vwid@roff=\dimen147
)
\c@taburow=\count273
\tabu@nbcols=\count274
\tabu@cnt=\count275
\tabu@Xcol=\count276
\tabu@alloc=\count277
\tabu@nested=\count278
\tabu@target=\dimen148
\tabu@spreadtarget=\dimen149
\tabu@naturalX=\dimen150
\tabucolX=\dimen151
\tabu@Xsum=\dimen152
\extrarowdepth=\dimen153
\abovetabulinesep=\dimen154
\belowtabulinesep=\dimen155
\tabustrutrule=\dimen156
\tabu@thebody=\toks24
\tabu@footnotes=\toks25
\tabu@box=\box58
\tabu@arstrutbox=\box59
\tabu@hleads=\box60
\tabu@vleads=\box61
\tabu@cellskip=\skip60
)
(/usr/share/texlive/texmf-dist/tex/latex/fancyvrb/fancyvrb.sty
Package: fancyvrb 2024/01/20 4.5c verbatim text (tvz,hv)

(/usr/share/texlive/texmf-dist/tex/latex/graphics/keyval.sty
Package: keyval 2022/05/29 v1.15 key=value parser (DPC)
\KV@toks@=\toks26
)
\FV@CodeLineNo=\count279
\FV@InFile=\read3
\FV@TabBox=\box62
\c@FancyVerbLine=\count280
\FV@StepNumber=\count281
\FV@OutFile=\write3
)
(/usr/share/texlive/texmf-dist/tex/latex/tools/tabularx.sty
Package: tabularx 2023/07/08 v2.11c `tabularx' package (DPC)
\TX@col@width=\dimen157
\TX@old@table=\dimen158
\TX@old@col=\dimen159
\TX@target=\dimen160
\TX@delta=\dimen161
\TX@cols=\count282
\TX@ftn=\toks27
)
(/usr/share/texlive/texmf-dist/tex/latex/tools/multicol.sty
Package: multicol 2023/03/30 v1.9f multicolumn formatting (FMi)
\c@tracingmulticols=\count283
\mult@box=\box63
\multicol@leftmargin=\dimen162
\c@unbalance=\count284
\c@collectmore=\count285
\doublecol@number=\count286
\multicoltolerance=\count287
\multicolpretolerance=\count288
\full@width=\dimen163
\page@free=\dimen164
\premulticols=\dimen165
\postmulticols=\dimen166
\multicolsep=\skip61
\multicolbaselineskip=\skip62
\partial@page=\box64
\last@line=\box65
\mc@boxedresult=\box66
\maxbalancingoverflow=\dimen167
\mult@rightbox=\box67
\mult@grightbox=\box68
\mult@firstbox=\box69
\mult@gfirstbox=\box70
\@tempa=\box71
\@tempa=\box72
\@tempa=\box73
\@tempa=\box74
\@tempa=\box75
\@tempa=\box76
\@tempa=\box77
\@tempa=\box78
\@tempa=\box79
\@tempa=\box80
\@tempa=\box81
\@tempa=\box82
\@tempa=\box83
\@tempa=\box84
\@tempa=\box85
\@tempa=\box86
\@tempa=\box87
\@tempa=\box88
\@tempa=\box89
\@tempa=\box90
\@tempa=\box91
\@tempa=\box92
\@tempa=\box93
\@tempa=\box94
\@tempa=\box95
\@tempa=\box96
\@tempa=\box97
\@tempa=\box98
\@tempa=\box99
\@tempa=\box100
\@tempa=\box101
\@tempa=\box102
\@tempa=\box103
\@tempa=\box104
\@tempa=\box105
\@tempa=\box106
\c@minrows=\count289
\c@columnbadness=\count290
\c@finalcolumnbadness=\count291
\last@try=\dimen168
\multicolovershoot=\dimen169
\multicolundershoot=\dimen170
\mult@nat@firstbox=\box107
\colbreak@box=\box108
\mc@col@check@num=\count292
)
(/usr/share/texlive/texmf-dist/tex/latex/multirow/multirow.sty
Package: multirow 2021/03/15 v2.8 Span multiple rows of a table
\multirow@colwidth=\skip63
\multirow@cntb=\count293
\multirow@dima=\skip64
\bigstrutjot=\dimen171
)
(/usr/share/texlive/texmf-dist/tex/latex/hanging/hanging.sty
Package: hanging 2009/09/02 v1.2b hanging paragraphs and punctuation
\h@ngcommawd=\skip65
\h@ngfstopwd=\skip66
\h@ngquotewd=\skip67
\h@ngdquotewd=\skip68
\h@ngquerywd=\skip69
\h@ngexclwd=\skip70
\h@ngcolonwd=\skip71
\h@ngscolonwd=\skip72
)
(/usr/share/texlive/texmf-dist/tex/generic/iftex/ifpdf.sty
Package: ifpdf 2019/10/25 v3.4 ifpdf legacy package. Use iftex instead.

(/usr/share/texlive/texmf-dist/tex/generic/iftex/iftex.sty
Package: iftex 2022/02/03 v1.0f TeX engine tests
))
(/usr/share/texlive/texmf-dist/tex/latex/adjustbox/adjustbox.sty
Package: adjustbox 2022/10/17 v1.3a Adjusting TeX boxes (trim, clip, ...)

(/usr/share/texlive/texmf-dist/tex/latex/xkeyval/xkeyval.sty
Package: xkeyval 2022/06/16 v2.9 package option processing (HA)

(/usr/share/texlive/texmf-dist/tex/generic/xkeyval/xkeyval.tex
(/usr/share/texlive/texmf-dist/tex/generic/xkeyval/xkvutils.tex
\XKV@toks=\toks28
\XKV@tempa@toks=\toks29
)
\XKV@depth=\count294
File: xkeyval.tex 2014/12/03 v2.7a key=value parser (HA)
))
(/usr/share/texlive/texmf-dist/tex/latex/adjustbox/adjcalc.sty
Package: adjcalc 2012/05/16 v1.1 Provides advanced setlength with multiple back
-ends (calc, etex, pgfmath)
)
(/usr/share/texlive/texmf-dist/tex/latex/adjustbox/trimclip.sty
Package: trimclip 2020/08/19 v1.2 Trim and clip general TeX material

(/usr/share/texlive/texmf-dist/tex/latex/graphics/graphicx.sty
Package: graphicx 2021/09/16 v1.2d Enhanced LaTeX Graphics (DPC,SPQR)

(/usr/share/texlive/texmf-dist/tex/latex/graphics/graphics.sty
Package: graphics 2022/03/10 v1.4e Standard LaTeX Graphics (DPC,SPQR)

(/usr/share/texlive/texmf-dist/tex/latex/graphics/trig.sty
Package: trig 2021/08/11 v1.11 sin cos tan (DPC)
)
(/usr/share/texlive/texmf-dist/tex/latex/graphics-cfg/graphics.cfg
File: graphics.cfg 2016/06/04 v1.11 sample graphics configuration
)
Package graphics Info: Driver file: pdftex.def on input line 107.
)
\Gin@req@height=\dimen172
\Gin@req@width=\dimen173
)
(/usr/share/texlive/texmf-dist/tex/latex/collectbox/collectbox.sty
Package: collectbox 2022/10/17 v0.4c Collect macro arguments as boxes
\collectedbox=\box109
)
\tc@llx=\dimen174
\tc@lly=\dimen175
\tc@urx=\dimen176
\tc@ury=\dimen177
Package trimclip Info: Using driver 'tc-pdftex.def'.

(/usr/share/texlive/texmf-dist/tex/latex/adjustbox/tc-pdftex.def
File: tc-pdftex.def 2019/01/04 v2.2 Clipping driver for pdftex
))
\adjbox@Width=\dimen178
\adjbox@Height=\dimen179
\adjbox@Depth=\dimen180
\adjbox@Totalheight=\dimen181
\adjbox@pwidth=\dimen182
\adjbox@pheight=\dimen183
\adjbox@pdepth=\dimen184
\adjbox@ptotalheight=\dimen185

(/usr/share/texlive/texmf-dist/tex/latex/ifoddpage/ifoddpage.sty
Package: ifoddpage 2022/10/18 v1.2 Conditionals for odd/even page detection
\c@checkoddpage=\count295
))
(/usr/share/texlive/texmf-dist/tex/latex/amsfonts/amssymb.sty
Package: amssymb 2013/01/14 v3.01 AMS font symbols

(/usr/share/texlive/texmf-dist/tex/latex/amsfonts/amsfonts.sty
Package: amsfonts 2013/01/14 v3.01 Basic AMSFonts support
\@emptytoks=\toks30
\symAMSa=\mathgroup4
\symAMSb=\mathgroup5
LaTeX Font Info:    Redeclaring math symbol \hbar on input line 98.
LaTeX Font Info:    Overwriting math alphabet `\mathfrak' in version `bold'
(Font)                  U/euf/m/n --> U/euf/b/n on input line 106.
))
(/usr/share/texlive/texmf-dist/tex/latex/stackengine/stackengine.sty
Package: stackengine 2021/07/22 v4.11\ Stacking text and objects in convenient 
ways

(/usr/share/texlive/texmf-dist/tex/latex/etoolbox/etoolbox.sty
Package: etoolbox 2020/10/05 v2.5k e-TeX tools for LaTeX (JAW)
\etb@tempcnta=\count296
)
(/usr/share/texlive/texmf-dist/tex/generic/listofitems/listofitems.sty
(/usr/share/texlive/texmf-dist/tex/generic/listofitems/listofitems.tex
\loi_cnt_foreach_nest=\count297
\loi_nestcnt=\count298
)
Package: listofitems 2019/08/21 v1.63 Grab items in lists using user-specified 
sep char (CT)
)
\c@@stackindex=\count299
\@boxshift=\skip73
\stack@tmplength=\skip74
\temp@stkl=\skip75
\@stackedboxwidth=\skip76
\@addedbox=\box110
\@anchorbox=\box111
\@insetbox=\box112
\se@backgroundbox=\box113
\stackedbox=\box114
\@centerbox=\box115
\c@ROWcellindex@=\count300
)
(/usr/share/texlive/texmf-dist/tex/latex/enumitem/enumitem.sty
Package: enumitem 2019/06/20 v3.9 Customized lists
\labelindent=\skip77
\enit@outerparindent=\dimen186
\enit@toks=\toks31
\enit@inbox=\box116
\enit@count@id=\count301
\enitdp@description=\count302
)
(/usr/share/texlive/texmf-dist/tex/generic/alphalph/alphalph.sty
Package: alphalph 2019/12/09 v2.6 Convert numbers to letters (HO)

(/usr/share/texlive/texmf-dist/tex/generic/intcalc/intcalc.sty
Package: intcalc 2019/12/15 v1.3 Expandable calculations with integers (HO)
))
(/usr/share/texlive/texmf-dist/tex/generic/ulem/ulem.sty
\UL@box=\box117
\UL@hyphenbox=\box118
\UL@skip=\skip78
\UL@hook=\toks32
\UL@height=\dimen187
\UL@pe=\count303
\UL@pixel=\dimen188
\ULC@box=\box119
Package: ulem 2019/11/18
\ULdepth=\dimen189
)
\xrefbox=\box120
\xreflength=\skip79
\CodeWidthChar=\skip80
\CodeHeightChar=\skip81
\DoxyCodeWidth=\skip82
\c@DoxyEnumeratei=\count304
\c@DoxyEnumerateii=\count305
\c@DoxyEnumerateiii=\count306
\c@DoxyEnumerateiv=\count307
\c@DoxyEnumeratev=\count308
\c@DoxyEnumeratevi=\count309
\c@DoxyEnumeratevii=\count310
\c@DoxyEnumerateviii=\count311
\c@DoxyEnumerateix=\count312
\c@DoxyEnumeratex=\count313
\c@DoxyEnumeratexi=\count314
\c@DoxyEnumeratexii=\count315
\enitdp@DoxyEnumerate=\count316
\enitdp@DoxyItemize=\count317
\c@subsubsubsection=\count318
\c@subsubsubsubsection=\count319
\c@subsubsubsubsubsection=\count320
\c@subsubsubsubsubsubsection=\count321
)
(/usr/share/texlive/texmf-dist/tex/latex/base/inputenc.sty
Package: inputenc 2021/02/14 v1.3d Input encoding file
\inpenc@prehook=\toks33
\inpenc@posthook=\toks34
)
(/usr/share/texlive/texmf-dist/tex/latex/base/makeidx.sty
Package: makeidx 2021/10/04 v1.0m Standard LaTeX package
)
(/usr/share/texlive/texmf-dist/tex/latex/base/textcomp.sty
Package: textcomp 2020/02/02 v2.0n Standard LaTeX package
)
(/usr/share/texlive/texmf-dist/tex/latex/wasysym/wasysym.sty
Package: wasysym 2020/01/19 v2.4 Wasy-2 symbol support package
\symwasy=\mathgroup6
LaTeX Font Info:    Overwriting symbol font `wasy' in version `bold'
(Font)                  U/wasy/m/n --> U/wasy/b/n on input line 93.
)
(/usr/share/texlive/texmf-dist/tex/generic/iftex/ifxetex.sty
Package: ifxetex 2019/10/25 v0.7 ifxetex legacy package. Use iftex instead.
)
(/usr/share/texlive/texmf-dist/tex/latex/base/fontenc.sty
Package: fontenc 2021/04/29 v2.0v Standard LaTeX package
)
(/usr/share/texlive/texmf-dist/tex/latex/psnfss/helvet.sty
Package: helvet 2020/03/25 PSNFSS-v9.3 (WaS) 
)
(/usr/share/texlive/texmf-dist/tex/latex/psnfss/courier.sty
Package: courier 2020/03/25 PSNFSS-v9.3 (WaS) 
)
(/usr/share/texlive/texmf-dist/tex/latex/geometry/geometry.sty
Package: geometry 2020/01/02 v5.9 Page Geometry

(/usr/share/texlive/texmf-dist/tex/generic/iftex/ifvtex.sty
Package: ifvtex 2019/10/25 v1.7 ifvtex legacy package. Use iftex instead.
)
\Gm@cnth=\count322
\Gm@cntv=\count323
\c@Gm@tempcnt=\count324
\Gm@bindingoffset=\dimen190
\Gm@wd@mp=\dimen191
\Gm@odd@mp=\dimen192
\Gm@even@mp=\dimen193
\Gm@layoutwidth=\dimen194
\Gm@layoutheight=\dimen195
\Gm@layouthoffset=\dimen196
\Gm@layoutvoffset=\dimen197
\Gm@dimlist=\toks35
)
(/usr/share/texlive/texmf-dist/tex/latex/changepage/changepage.sty
Package: changepage 2009/10/20 v1.0c check page and change page layout
\c@cp@cntr=\count325
\cp@tempcnt=\count326
LaTeX Info: Redefining \checkoddpage on input line 59.
)
(/usr/share/texlive/texmf-dist/tex/latex/fancyhdr/fancyhdr.sty
Package: fancyhdr 2022/11/09 v4.1 Extensive control of page headers and footers

\f@nch@headwidth=\skip83
\f@nch@O@elh=\skip84
\f@nch@O@erh=\skip85
\f@nch@O@olh=\skip86
\f@nch@O@orh=\skip87
\f@nch@O@elf=\skip88
\f@nch@O@erf=\skip89
\f@nch@O@olf=\skip90
\f@nch@O@orf=\skip91
)
(/usr/share/texlive/texmf-dist/tex/latex/natbib/natbib.sty
Package: natbib 2010/09/13 8.31b (PWD, AO)
\bibhang=\skip92
\bibsep=\skip93
LaTeX Info: Redefining \cite on input line 694.
\c@NAT@ctr=\count327
)
(/usr/share/texlive/texmf-dist/tex/latex/tocloft/tocloft.sty
Package: tocloft 2017/08/31 v2.3i parameterised ToC, etc., typesetting
Package tocloft Info: The document has chapter divisions on input line 51.
\cftparskip=\skip94
\cftbeforetoctitleskip=\skip95
\cftaftertoctitleskip=\skip96
\cftbeforepartskip=\skip97
\cftpartnumwidth=\skip98
\cftpartindent=\skip99
\cftbeforechapskip=\skip100
\cftchapindent=\skip101
\cftchapnumwidth=\skip102
\cftbeforesecskip=\skip103
\cftsecindent=\skip104
\cftsecnumwidth=\skip105
\cftbeforesubsecskip=\skip106
\cftsubsecindent=\skip107
\cftsubsecnumwidth=\skip108
\cftbeforesubsubsecskip=\skip109
\cftsubsubsecindent=\skip110
\cftsubsubsecnumwidth=\skip111
\cftbeforeparaskip=\skip112
\cftparaindent=\skip113
\cftparanumwidth=\skip114
\cftbeforesubparaskip=\skip115
\cftsubparaindent=\skip116
\cftsubparanumwidth=\skip117
\cftbeforeloftitleskip=\skip118
\cftafterloftitleskip=\skip119
\cftbeforefigskip=\skip120
\cftfigindent=\skip121
\cftfignumwidth=\skip122
\c@lofdepth=\count328
\c@lotdepth=\count329
\cftbeforelottitleskip=\skip123
\cftafterlottitleskip=\skip124
\cftbeforetabskip=\skip125
\cfttabindent=\skip126
\cfttabnumwidth=\skip127
)
\@indexfile=\write4
\openout4 = `refman.idx'.


Writing index file refman.idx
(/usr/share/texlive/texmf-dist/tex/latex/newunicodechar/newunicodechar.sty
Package: newunicodechar 2018/04/08 v1.2 Defining Unicode characters
)
(/usr/share/texlive/texmf-dist/tex/latex/hyperref/hyperref.sty
Package: hyperref 2024-01-20 v7.01h Hypertext links for LaTeX

(/usr/share/texlive/texmf-dist/tex/latex/kvsetkeys/kvsetkeys.sty
Package: kvsetkeys 2022-10-05 v1.19 Key value parser (HO)
)
(/usr/share/texlive/texmf-dist/tex/generic/kvdefinekeys/kvdefinekeys.sty
Package: kvdefinekeys 2019-12-19 v1.6 Define keys (HO)
)
(/usr/share/texlive/texmf-dist/tex/generic/pdfescape/pdfescape.sty
Package: pdfescape 2019/12/09 v1.15 Implements pdfTeX's escape features (HO)

(/usr/share/texlive/texmf-dist/tex/generic/ltxcmds/ltxcmds.sty
Package: ltxcmds 2023-12-04 v1.26 LaTeX kernel commands for general use (HO)
)
(/usr/share/texlive/texmf-dist/tex/generic/pdftexcmds/pdftexcmds.sty
Package: pdftexcmds 2020-06-27 v0.33 Utility functions of pdfTeX for LuaTeX (HO
)
Package pdftexcmds Info: \pdf@primitive is available.
Package pdftexcmds Info: \pdf@ifprimitive is available.
Package pdftexcmds Info: \pdfdraftmode found.
))
(/usr/share/texlive/texmf-dist/tex/latex/hycolor/hycolor.sty
Package: hycolor 2020-01-27 v1.10 Color options for hyperref/bookmark (HO)
)
(/usr/share/texlive/texmf-dist/tex/latex/auxhook/auxhook.sty
Package: auxhook 2019-12-17 v1.6 Hooks for auxiliary files (HO)
)
(/usr/share/texlive/texmf-dist/tex/latex/hyperref/nameref.sty
Package: nameref 2023-11-26 v2.56 Cross-referencing by name of section

(/usr/share/texlive/texmf-dist/tex/latex/refcount/refcount.sty
Package: refcount 2019/12/15 v3.6 Data extraction from label references (HO)
)
(/usr/share/texlive/texmf-dist/tex/generic/gettitlestring/gettitlestring.sty
Package: gettitlestring 2019/12/15 v1.6 Cleanup title references (HO)

(/usr/share/texlive/texmf-dist/tex/latex/kvoptions/kvoptions.sty
Package: kvoptions 2022-06-15 v3.15 Key value format for package options (HO)
))
\c@section@level=\count330
)
\@linkdim=\dimen198
\Hy@linkcounter=\count331
\Hy@pagecounter=\count332

(/usr/share/texlive/texmf-dist/tex/latex/hyperref/pd1enc.def
File: pd1enc.def 2024-01-20 v7.01h Hyperref: PDFDocEncoding definition (HO)
Now handling font encoding PD1 ...
... no UTF-8 mapping file for font encoding PD1
)
\Hy@SavedSpaceFactor=\count333

(/usr/share/texlive/texmf-dist/tex/latex/hyperref/puenc.def
File: puenc.def 2024-01-20 v7.01h Hyperref: PDF Unicode definition (HO)
Now handling font encoding PU ...
... no UTF-8 mapping file for font encoding PU
)
Package hyperref Info: Hyper figures OFF on input line 4179.
Package hyperref Info: Link nesting OFF on input line 4184.
Package hyperref Info: Hyper index ON on input line 4187.
Package hyperref Info: Plain pages OFF on input line 4194.
Package hyperref Info: Backreferencing ON on input line 4197.
Package hyperref Info: Implicit mode ON; LaTeX internals redefined.
Package hyperref Info: Bookmarks ON on input line 4446.

(/usr/share/texlive/texmf-dist/tex/latex/hyperref/backref.sty
Package: backref 2023-11-26 v1.44 Bibliographical back referencing

(/usr/share/texlive/texmf-dist/tex/latex/rerunfilecheck/rerunfilecheck.sty
Package: rerunfilecheck 2022-07-10 v1.10 Rerun checks for auxiliary files (HO)

(/usr/share/texlive/texmf-dist/tex/latex/base/atveryend-ltx.sty
Package: atveryend-ltx 2020/08/19 v1.0a Emulation of the original atveryend pac
kage
with kernel methods
)
(/usr/share/texlive/texmf-dist/tex/generic/uniquecounter/uniquecounter.sty
Package: uniquecounter 2019/12/15 v1.4 Provide unlimited unique counter (HO)

(/usr/share/texlive/texmf-dist/tex/generic/bigintcalc/bigintcalc.sty
Package: bigintcalc 2019/12/15 v1.5 Expandable calculations on big integers (HO
)
))
Package uniquecounter Info: New unique counter `rerunfilecheck' on input line 2
85.
))
\c@Hy@tempcnt=\count334

(/usr/share/texlive/texmf-dist/tex/latex/url/url.sty
\Urlmuskip=\muskip16
Package: url 2013/09/16  ver 3.4  Verb mode for urls, etc.
)
LaTeX Info: Redefining \url on input line 4784.
\XeTeXLinkMargin=\dimen199

(/usr/share/texlive/texmf-dist/tex/generic/bitset/bitset.sty
Package: bitset 2019/12/09 v1.3 Handle bit-vector datatype (HO)
)
\Fld@menulength=\count335
\Field@Width=\dimen256
\Fld@charsize=\dimen257
Package hyperref Info: Hyper figures OFF on input line 6063.
Package hyperref Info: Link nesting OFF on input line 6068.
Package hyperref Info: Hyper index ON on input line 6071.
Package hyperref Info: backreferencing ON on input line 6076.
Package hyperref Info: Link coloring OFF on input line 6083.
Package hyperref Info: Link coloring with OCG OFF on input line 6088.
Package hyperref Info: PDF/A mode OFF on input line 6093.

(/usr/share/texlive/texmf-dist/tex/latex/base/atbegshi-ltx.sty
Package: atbegshi-ltx 2021/01/10 v1.0c Emulation of the original atbegshi
package with kernel methods
)
\Hy@abspage=\count336
\c@Item=\count337
\c@Hfootnote=\count338
)
Package hyperref Info: Driver: hpdftex.

(/usr/share/texlive/texmf-dist/tex/latex/hyperref/hpdftex.def
File: hpdftex.def 2024-01-20 v7.01h Hyperref driver for pdfTeX
\Fld@listcount=\count339
\c@bookmark@seq@number=\count340
\Hy@SectionHShift=\skip128
)
Package hyperref Info: Option `colorlinks' set `true' on input line 161.
Package hyperref Info: Option `unicode' set `true' on input line 161.

(/usr/share/texlive/texmf-dist/tex/latex/caption/caption.sty
Package: caption 2023/08/05 v3.6o Customizing captions (AR)

(/usr/share/texlive/texmf-dist/tex/latex/caption/caption3.sty
Package: caption3 2023/07/31 v2.4d caption3 kernel (AR)
\caption@tempdima=\dimen258
\captionmargin=\dimen259
\caption@leftmargin=\dimen260
\caption@rightmargin=\dimen261
\caption@width=\dimen262
\caption@indent=\dimen263
\caption@parindent=\dimen264
\caption@hangindent=\dimen265
Package caption Info: Standard document class detected.
)
\c@caption@flags=\count341
\c@continuedfloat=\count342
Package caption Info: changepage package is loaded.
\caption@adjustwidth@hsize=\dimen266
\caption@adjustwidth@linewidth=\dimen267
Package caption Info: float package is loaded.
Package caption Info: hyperref package is loaded.
Package caption Info: longtable package is loaded.

(/usr/share/texlive/texmf-dist/tex/latex/caption/ltcaption.sty
Package: ltcaption 2021/01/08 v1.4c longtable captions (AR)
))
(/usr/share/texlive/texmf-dist/tex/latex/etoc/etoc.sty
Package: etoc 2023/10/29 v1.2d Completely customisable TOCs (JFB)
\Etoc@toctoks=\toks36
\c@etoc@tocid=\count343
\etoc@framed@titlebox=\box121
\etoc@framed@contentsbox=\box122
)
LaTeX Font Info:    Trying to load font information for T1+phv on input line 18
3.

(/usr/share/texlive/texmf-dist/tex/latex/psnfss/t1phv.fd
File: t1phv.fd 2020/03/25 scalable font definitions for T1/phv.
)
LaTeX Font Info:    Font shape `T1/phv/m/n' will be
(Font)              scaled to size 8.99994pt on input line 183.

(/usr/share/texlive/texmf-dist/tex/latex/l3backend/l3backend-pdftex.def
File: l3backend-pdftex.def 2024-01-04 L3 backend support: PDF output (pdfTeX)
\l__color_backend_stack_int=\count344
\l__pdf_internal_box=\box123
)
(./refman.aux

LaTeX Warning: Label `classSliderWithLabel_ad8662ad2ad354d6769f15e555f32f2fe' m
ultiply defined.


LaTeX Warning: Label `classSliderWithLabel_ab9bc346c16ea8bf568905afc99ab9bc3' m
ultiply defined.


LaTeX Warning: Label `classNotes_a8734fb9c1094a3becd78fe783ad43c0c' multiply de
fined.


LaTeX Warning: Label `classNotes_a8734fb9c1094a3becd78fe783ad43c0c' multiply de
fined.


LaTeX Warning: Label `classNotes_a8734fb9c1094a3becd78fe783ad43c0c' multiply de
fined.


LaTeX Warning: Label `classSliderWithLabel_ad8662ad2ad354d6769f15e555f32f2fe' m
ultiply defined.


LaTeX Warning: Label `classSliderWithLabel_ab9bc346c16ea8bf568905afc99ab9bc3' m
ultiply defined.


LaTeX Warning: Label `classNotes_a8734fb9c1094a3becd78fe783ad43c0c' multiply de
fined.


LaTeX Warning: Label `classSliderWithLabel_ad8662ad2ad354d6769f15e555f32f2fe' m
ultiply defined.


LaTeX Warning: Label `classSliderWithLabel_ab9bc346c16ea8bf568905afc99ab9bc3' m
ultiply defined.

)
\openout1 = `refman.aux'.

LaTeX Font Info:    Checking defaults for OML/cmm/m/it on input line 183.
LaTeX Font Info:    ... okay on input line 183.
LaTeX Font Info:    Checking defaults for OMS/cmsy/m/n on input line 183.
LaTeX Font Info:    ... okay on input line 183.
LaTeX Font Info:    Checking defaults for OT1/cmr/m/n on input line 183.
LaTeX Font Info:    ... okay on input line 183.
LaTeX Font Info:    Checking defaults for T1/cmr/m/n on input line 183.
LaTeX Font Info:    ... okay on input line 183.
LaTeX Font Info:    Checking defaults for TS1/cmr/m/n on input line 183.
LaTeX Font Info:    ... okay on input line 183.
LaTeX Font Info:    Checking defaults for OMX/cmex/m/n on input line 183.
LaTeX Font Info:    ... okay on input line 183.
LaTeX Font Info:    Checking defaults for U/cmr/m/n on input line 183.
LaTeX Font Info:    ... okay on input line 183.
LaTeX Font Info:    Checking defaults for PD1/pdf/m/n on input line 183.
LaTeX Font Info:    ... okay on input line 183.
LaTeX Font Info:    Checking defaults for PU/pdf/m/n on input line 183.
LaTeX Font Info:    ... okay on input line 183.
 (/usr/share/texlive/texmf-dist/tex/context/base/mkii/supp-pdf.mkii
[Loading MPS to PDF converter (version 2006.09.02).]
\scratchcounter=\count345
\scratchdimen=\dimen268
\scratchbox=\box124
\nofMPsegments=\count346
\nofMParguments=\count347
\everyMPshowfont=\toks37
\MPscratchCnt=\count348
\MPscratchDim=\dimen269
\MPnumerator=\count349
\makeMPintoPDFobject=\count350
\everyMPtoPDFconversion=\toks38
) (/usr/share/texlive/texmf-dist/tex/latex/epstopdf-pkg/epstopdf-base.sty
Package: epstopdf-base 2020-01-24 v2.11 Base part for package epstopdf
Package epstopdf-base Info: Redefining graphics rule for `.eps' on input line 4
85.

(/usr/share/texlive/texmf-dist/tex/latex/latexconfig/epstopdf-sys.cfg
File: epstopdf-sys.cfg 2010/07/13 v1.3 Configuration of (r)epstopdf for TeX Liv
e
))
*geometry* driver: auto-detecting
*geometry* detected driver: pdftex
*geometry* verbose mode - [ preamble ] result:
* driver: pdftex
* paper: a4paper
* layout: <same size as paper>
* layoutoffset:(h,v)=(0.0pt,0.0pt)
* modes: twoside 
* h-part:(L,W,R)=(71.13188pt, 455.24411pt, 71.13188pt)
* v-part:(T,H,B)=(71.13188pt, 702.78308pt, 71.13188pt)
* \paperwidth=597.50787pt
* \paperheight=845.04684pt
* \textwidth=455.24411pt
* \textheight=702.78308pt
* \oddsidemargin=-1.1381pt
* \evensidemargin=-1.1381pt
* \topmargin=-31.2056pt
* \headheight=12.0pt
* \headsep=18.06749pt
* \topskip=10.0pt
* \footskip=25.29494pt
* \marginparwidth=125.0pt
* \marginparsep=7.0pt
* \columnsep=10.0pt
* \skip\footins=9.0pt plus 4.0pt minus 2.0pt
* \hoffset=0.0pt
* \voffset=0.0pt
* \mag=1000
* \@twocolumnfalse
* \@twosidetrue
* \@mparswitchtrue
* \@reversemarginfalse
* (1in=72.27pt=25.4mm, 1cm=28.453pt)

Package backref Info: ** backref set up for natbib ** on input line 183.
Package hyperref Info: Link coloring ON on input line 183.
(./refman.out) (./refman.out)
\@outlinefile=\write5
\openout5 = `refman.out'.

Package caption Info: Begin \AtBeginDocument code.
Package caption Info: End \AtBeginDocument code.
\Etoc@tf=\read4
Package hyperref Info: Option `pageanchor' set `false' on input line 191.
Package hyperref Info: Option `bookmarksnumbered' set `true' on input line 191.

Package hyperref Info: Option `unicode' set `true' on input line 191.
LaTeX Font Info:    Font shape `T1/phv/m/n' will be
(Font)              scaled to size 12.9599pt on input line 196.
LaTeX Font Info:    Font shape `T1/phv/m/n' will be
(Font)              scaled to size 10.79993pt on input line 197.
LaTeX Font Info:    Font shape `T1/phv/m/n' will be
(Font)              scaled to size 6.29996pt on input line 197.
LaTeX Font Info:    Trying to load font information for U+msa on input line 197
.

(/usr/share/texlive/texmf-dist/tex/latex/amsfonts/umsa.fd
File: umsa.fd 2013/01/14 v3.01 AMS symbols A
)
LaTeX Font Info:    Trying to load font information for U+msb on input line 197
.

(/usr/share/texlive/texmf-dist/tex/latex/amsfonts/umsb.fd
File: umsb.fd 2013/01/14 v3.01 AMS symbols B
)
LaTeX Font Info:    Trying to load font information for U+wasy on input line 19
7.

(/usr/share/texlive/texmf-dist/tex/latex/wasysym/uwasy.fd
File: uwasy.fd 2020/01/19 v2.4 Wasy-2 symbol font definitions
) [1


{/var/lib/texmf/fonts/map/pdftex/updmap/pdftex.map}{/usr/share/texlive/texmf-di
st/fonts/enc/dvips/base/8r.enc}] [2

]
\tf@toc=\write6
\openout6 = `refman.toc'.

LaTeX Font Info:    Font shape `T1/phv/b/n' will be
(Font)              scaled to size 8.99994pt on input line 205.
LaTeX Font Info:    Font shape `T1/phv/b/n' will be
(Font)              scaled to size 6.29996pt on input line 205.
 [1] [2] [3] [4]
LaTeX Font Info:    Font shape `T1/phv/m/n' will be
(Font)              scaled to size 7.19995pt on input line 205.
LaTeX Font Info:    Trying to load font information for T1+pcr on input line 20
5.

(/usr/share/texlive/texmf-dist/tex/latex/psnfss/t1pcr.fd
File: t1pcr.fd 2001/06/04 font definitions for T1/pcr.
) [5] [6] [7] [8]
[9] [10] [11] [12

]
Package hyperref Info: Option `pageanchor' set `true' on input line 208.
 (./index.tex
Chapter 1.
LaTeX Font Info:    Font shape `T1/phv/m/n' will be
(Font)              scaled to size 18.66588pt on input line 1.
LaTeX Font Info:    Font shape `T1/phv/b/n' will be
(Font)              scaled to size 18.66588pt on input line 1.
LaTeX Font Info:    Font shape `T1/phv/b/n' will be
(Font)              scaled to size 22.39185pt on input line 1.
) (./md__2home_2ryan-mcbride_2Documents_2Tromboneless_2App_2Notes.tex [1

]
[2

]
Chapter 2.
LaTeX Font Info:    Font shape `T1/phv/b/n' will be
(Font)              scaled to size 12.9599pt on input line 5.
LaTeX Font Info:    Font shape `T1/phv/b/n' will be
(Font)              scaled to size 10.79993pt on input line 19.
[3]
LaTeX Font Info:    Trying to load font information for TS1+phv on input line 4
4.
 (/usr/share/texlive/texmf-dist/tex/latex/psnfss/ts1phv.fd
File: ts1phv.fd 2020/03/25 scalable font definitions for TS1/phv.
)
LaTeX Font Info:    Font shape `TS1/phv/m/n' will be
(Font)              scaled to size 8.99994pt on input line 44.
)
(./md__2home_2ryan-mcbride_2Documents_2Tromboneless_2Core_2Firmware__Notes.tex
[4]
Chapter 3.
)
(./md__2home_2ryan-mcbride_2Documents_2Tromboneless_2Documentation_2Hardware_2H
ardware__Notes.tex [5

] [6

]
Chapter 4.
[7]) [8]
Chapter 5.
(./hierarchy.tex [9

]) [10]
Chapter 6.
(./annotated.tex [11

]
Underfull \hbox (badness 10000) in paragraph at lines 32--32
 []  
 []


Underfull \hbox (badness 2818) in paragraph at lines 37--37
 \T1/phv/m/n/10 Wrapper around ADS1115rpi li-brary ([][] \T1/pcr/m/n/10 https[]
://github.[]com/berndporr/rpi[]_[] 
 []

[12]) [13] [14

]
Chapter 7.
(./files.tex [15]) [16]
Chapter 8.
(./classAmplitudeMapper.tex) (./classAudioOutput.tex) (./classAudioRender.tex <
./classAudioRender__inherit__graph.pdf>
<classAudioRender__inherit__graph.pdf, id=2612, 211.79124pt x 320.19624pt>
File: classAudioRender__inherit__graph.pdf Graphic file (type pdf)
<use classAudioRender__inherit__graph.pdf>
Package pdftex.def Info: classAudioRender__inherit__graph.pdf  used on input li
ne 9.
(pdftex.def)             Requested size: 211.0pt x 319.01308pt.
 [17

] <./classAudioRender__coll__graph.pdf>
<classAudioRender__coll__graph.pdf, id=2632, 211.79124pt x 334.24875pt>
File: classAudioRender__coll__graph.pdf Graphic file (type pdf)
<use classAudioRender__coll__graph.pdf>
Package pdftex.def Info: classAudioRender__coll__graph.pdf  used on input line 
18.
(pdftex.def)             Requested size: 211.0pt x 333.01367pt.
 [18]
Underfull \hbox (badness 795) in paragraph at lines 57--58
[][] \T1/phv/m/n/10 (int sample[]Rate=44100, float attack=10.[]0f, float decay=
50.[]0f, float sustain=1.[]0f, float
 []

LaTeX Font Info:    Font shape `T1/phv/m/n' will be
(Font)              scaled to size 8.09995pt on input line 58.
LaTeX Font Info:    Font shape `T1/phv/m/it' in size <9> not available
(Font)              Font shape `T1/phv/m/sl' tried instead on input line 58.
LaTeX Font Info:    Font shape `T1/phv/m/sl' will be
(Font)              scaled to size 8.09995pt on input line 58.
LaTeX Font Info:    Font shape `T1/pcr/m/it' in size <9> not available
(Font)              Font shape `T1/pcr/m/sl' tried instead on input line 58.
LaTeX Font Info:    Font shape `T1/pcr/m/it' in size <7> not available
(Font)              Font shape `T1/pcr/m/sl' tried instead on input line 58.
[19]
LaTeX Font Info:    Font shape `T1/phv/m/it' in size <7> not available
(Font)              Font shape `T1/phv/m/sl' tried instead on input line 68.
LaTeX Font Info:    Font shape `T1/phv/m/sl' will be
(Font)              scaled to size 6.29996pt on input line 68.
 [20] [21] [22]) (./classBarometer.tex [23] <./classBarometer__inherit__graph.p
df>
<classBarometer__inherit__graph.pdf, id=2856, 315.1775pt x 209.78375pt>
File: classBarometer__inherit__graph.pdf Graphic file (type pdf)
<use classBarometer__inherit__graph.pdf>
Package pdftex.def Info: classBarometer__inherit__graph.pdf  used on input line
 18.
(pdftex.def)             Requested size: 314.0pt x 209.01176pt.
 <./classBarometer__coll__graph.pdf>
<classBarometer__coll__graph.pdf, id=2864, 315.1775pt x 209.78375pt>
File: classBarometer__coll__graph.pdf Graphic file (type pdf)
<use classBarometer__coll__graph.pdf>
Package pdftex.def Info: classBarometer__coll__graph.pdf  used on input line 27
.
(pdftex.def)             Requested size: 314.0pt x 209.01176pt.
 [24] [25] [26]
LaTeX Font Info:    Font shape `T1/phv/bc/n' will be
(Font)              scaled to size 8.99994pt on input line 133.

Underfull \hbox (badness 10000) detected at line 133
[][][]
 []

LaTeX Font Info:    Font shape `T1/pcr/m/it' in size <8> not available
(Font)              Font shape `T1/pcr/m/sl' tried instead on input line 143.
[27] [28]
Underfull \hbox (badness 10000) detected at line 259
[][][]
 []

[29] [30]) (./classCalibrateEmbouchure.tex <./classCalibrateEmbouchure__inherit
__graph.pdf>
<classCalibrateEmbouchure__inherit__graph.pdf, id=3012, 319.1925pt x 209.78375p
t>
File: classCalibrateEmbouchure__inherit__graph.pdf Graphic file (type pdf)
<use classCalibrateEmbouchure__inherit__graph.pdf>
Package pdftex.def Info: classCalibrateEmbouchure__inherit__graph.pdf  used on 
input line 18.
(pdftex.def)             Requested size: 318.0pt x 209.00215pt.
 <./classCalibrateEmbouchure__coll__graph.pdf>
<classCalibrateEmbouchure__coll__graph.pdf, id=3020, 319.1925pt x 209.78375pt>
File: classCalibrateEmbouchure__coll__graph.pdf Graphic file (type pdf)
<use classCalibrateEmbouchure__coll__graph.pdf>
Package pdftex.def Info: classCalibrateEmbouchure__coll__graph.pdf  used on inp
ut line 27.
(pdftex.def)             Requested size: 318.0pt x 209.00215pt.
 [31] [32]
Underfull \hbox (badness 10000) detected at line 64
[][][]
 []


Underfull \hbox (badness 10000) detected at line 80
[][][]
 []

) (./classCalibrationOnClick.tex <./classCalibrationOnClick__inherit__graph.pdf
>
<classCalibrationOnClick__inherit__graph.pdf, id=3066, 319.1925pt x 209.78375pt
>
File: classCalibrationOnClick__inherit__graph.pdf Graphic file (type pdf)
<use classCalibrationOnClick__inherit__graph.pdf>
Package pdftex.def Info: classCalibrationOnClick__inherit__graph.pdf  used on i
nput line 18.
(pdftex.def)             Requested size: 318.0pt x 209.00215pt.
 <./classCalibrationOnClick__coll__graph.pdf>
<classCalibrationOnClick__coll__graph.pdf, id=3074, 319.1925pt x 154.5775pt>
File: classCalibrationOnClick__coll__graph.pdf Graphic file (type pdf)
<use classCalibrationOnClick__coll__graph.pdf>
Package pdftex.def Info: classCalibrationOnClick__coll__graph.pdf  used on inpu
t line 27.
(pdftex.def)             Requested size: 318.0pt x 154.00159pt.
 [33]
Underfull \hbox (badness 10000) detected at line 62
[][][]
 []

[34]) (./classCalibrationSlider.tex <./classCalibrationSlider__inherit__graph.p
df>
<classCalibrationSlider__inherit__graph.pdf, id=3106, 312.16624pt x 209.78375pt
>
File: classCalibrationSlider__inherit__graph.pdf Graphic file (type pdf)
<use classCalibrationSlider__inherit__graph.pdf>
Package pdftex.def Info: classCalibrationSlider__inherit__graph.pdf  used on in
put line 18.
(pdftex.def)             Requested size: 311.0pt x 209.00536pt.
 <./classCalibrationSlider__coll__graph.pdf>
<classCalibrationSlider__coll__graph.pdf, id=3114, 312.16624pt x 209.78375pt>
File: classCalibrationSlider__coll__graph.pdf Graphic file (type pdf)
<use classCalibrationSlider__coll__graph.pdf>
Package pdftex.def Info: classCalibrationSlider__coll__graph.pdf  used on input
 line 27.
(pdftex.def)             Requested size: 311.0pt x 209.00536pt.
 [35] [36] [37]
Underfull \hbox (badness 10000) detected at line 143
[][][]
 []

) (./classCalibrationSliderLookAndFeel.tex
Underfull \hbox (badness 10000) in paragraph at lines 10--11
[]\T1/pcr/m/n/10 #include $\OML/cmm/m/it/10 <$\T1/pcr/m/n/10 /home/ryan-mcbride
/[]Documents/[]Tromboneless/[]App/inc/[]Custom[]Styles.[]
 []

 <./classCalibrationSliderLookAndFeel__inherit__graph.pdf>
<classCalibrationSliderLookAndFeel__inherit__graph.pdf, id=3186, 240.9pt x 154.
5775pt>
File: classCalibrationSliderLookAndFeel__inherit__graph.pdf Graphic file (type 
pdf)
<use classCalibrationSliderLookAndFeel__inherit__graph.pdf>
Package pdftex.def Info: classCalibrationSliderLookAndFeel__inherit__graph.pdf 
 used on input line 18.
(pdftex.def)             Requested size: 240.0pt x 154.00394pt.
 <./classCalibrationSliderLookAndFeel__coll__graph.pdf>
<classCalibrationSliderLookAndFeel__coll__graph.pdf, id=3194, 240.9pt x 154.577
5pt>
File: classCalibrationSliderLookAndFeel__coll__graph.pdf Graphic file (type pdf
)
<use classCalibrationSliderLookAndFeel__coll__graph.pdf>
Package pdftex.def Info: classCalibrationSliderLookAndFeel__coll__graph.pdf  us
ed on input line 27.
(pdftex.def)             Requested size: 240.0pt x 154.00394pt.
 [38]
Underfull \hbox (badness 10000) detected at line 60
[][][]
 []

[39] [40]
Underfull \hbox (badness 10000) detected at line 129
[][][]
 []


Overfull \vbox (1.92148pt too high) has occurred while \output is active []


[41]
Underfull \hbox (badness 10000) detected at line 207
[][][]
 []

[42]) (./classCAP1188.tex) (./classCAP1188Channel.tex [43])
(./classCAP1188Printer.tex) (./classCoreWrapper.tex) (./classDropDownMenu.tex <
./classDropDownMenu__inherit__graph.pdf>
<classDropDownMenu__inherit__graph.pdf, id=3300, 179.67125pt x 154.5775pt>
File: classDropDownMenu__inherit__graph.pdf Graphic file (type pdf)
<use classDropDownMenu__inherit__graph.pdf>
Package pdftex.def Info: classDropDownMenu__inherit__graph.pdf  used on input l
ine 18.
(pdftex.def)             Requested size: 179.0pt x 154.01102pt.
 [44] <./classDropDownMenu__coll__graph.pdf>
<classDropDownMenu__coll__graph.pdf, id=3325, 179.67125pt x 154.5775pt>
File: classDropDownMenu__coll__graph.pdf Graphic file (type pdf)
<use classDropDownMenu__coll__graph.pdf>
Package pdftex.def Info: classDropDownMenu__coll__graph.pdf  used on input line
 27.
(pdftex.def)             Requested size: 179.0pt x 154.01102pt.
 [45] [46]
Underfull \hbox (badness 10000) detected at line 138
[][][]
 []

) (./classDropDownMenus.tex <./classDropDownMenus__inherit__graph.pdf>
<classDropDownMenus__inherit__graph.pdf, id=3366, 180.675pt x 209.78375pt>
File: classDropDownMenus__inherit__graph.pdf Graphic file (type pdf)
<use classDropDownMenus__inherit__graph.pdf>
Package pdftex.def Info: classDropDownMenus__inherit__graph.pdf  used on input 
line 18.
(pdftex.def)             Requested size: 180.0pt x 209.00215pt.
 [47] <./classDropDownMenus__coll__graph.pdf>
<classDropDownMenus__coll__graph.pdf, id=3382, 180.675pt x 209.78375pt>
File: classDropDownMenus__coll__graph.pdf Graphic file (type pdf)
<use classDropDownMenus__coll__graph.pdf>
Package pdftex.def Info: classDropDownMenus__coll__graph.pdf  used on input lin
e 27.
(pdftex.def)             Requested size: 180.0pt x 209.00215pt.
 [48]) (./classDualRotarySlider.tex <./classDualRotarySlider__inherit__graph.pd
f>
<classDualRotarySlider__inherit__graph.pdf, id=3412, 315.1775pt x 209.78375pt>
File: classDualRotarySlider__inherit__graph.pdf Graphic file (type pdf)
<use classDualRotarySlider__inherit__graph.pdf>
Package pdftex.def Info: classDualRotarySlider__inherit__graph.pdf  used on inp
ut line 18.
(pdftex.def)             Requested size: 314.0pt x 209.01176pt.
 <./classDualRotarySlider__coll__graph.pdf>
<classDualRotarySlider__coll__graph.pdf, id=3420, 315.1775pt x 154.5775pt>
File: classDualRotarySlider__coll__graph.pdf Graphic file (type pdf)
<use classDualRotarySlider__coll__graph.pdf>
Package pdftex.def Info: classDualRotarySlider__coll__graph.pdf  used on input 
line 27.
(pdftex.def)             Requested size: 314.0pt x 154.00865pt.
 [49] [50] [51] [52] [53] [54] [55]
Underfull \hbox (badness 10000) detected at line 375
[][][]
 []

) (./classEnvelope.tex
Underfull \hbox (badness 10000) in paragraph at lines 10--11
[]\T1/pcr/m/n/10 #include $\OML/cmm/m/it/10 <$\T1/pcr/m/n/10 /home/ryan-mcbride
/[]Documents/[]Tromboneless/[]Core/include/envelope.[]
 []

[56] [57]
Underfull \hbox (badness 10000) detected at line 72
[][][]
 []


Underfull \hbox (badness 10000) detected at line 99
[][][]
 []

[58]
Underfull \hbox (badness 10000) detected at line 120
[][][]
 []


Underfull \hbox (badness 10000) detected at line 138
[][][]
 []

[59] [60]
Underfull \hbox (badness 10000) detected at line 246
[][][]
 []

[61] [62]) (./classEqualizer.tex <./classEqualizer__inherit__graph.pdf>
<classEqualizer__inherit__graph.pdf, id=3638, 312.16624pt x 264.99pt>
File: classEqualizer__inherit__graph.pdf Graphic file (type pdf)
<use classEqualizer__inherit__graph.pdf>
Package pdftex.def Info: classEqualizer__inherit__graph.pdf  used on input line
 18.
(pdftex.def)             Requested size: 311.0pt x 264.00679pt.
 <./classEqualizer__coll__graph.pdf>
<classEqualizer__coll__graph.pdf, id=3646, 312.16624pt x 264.99pt>
File: classEqualizer__coll__graph.pdf Graphic file (type pdf)
<use classEqualizer__coll__graph.pdf>
Package pdftex.def Info: classEqualizer__coll__graph.pdf  used on input line 27
.
(pdftex.def)             Requested size: 311.0pt x 264.00679pt.
 [63] [64]
pdfTeX warning (ext4): destination with the same identifier (name{classSliderWi
thLabel_ad8662ad2ad354d6769f15e555f32f2fe}) has been already used, duplicate ig
nored
<to be read again> 
                   \relax 
l.92 ...thLabel_ad8662ad2ad354d6769f15e555f32f2fe}
                                                  \label{classSliderWithLabe...

pdfTeX warning (ext4): destination with the same identifier (name{classSliderWi
thLabel_ab9bc346c16ea8bf568905afc99ab9bc3}) has been already used, duplicate ig
nored
<to be read again> 
                   \relax 
l.105 ...hLabel_ab9bc346c16ea8bf568905afc99ab9bc3}
                                                  \label{classSliderWithLabe...
[65]
Underfull \hbox (badness 10000) detected at line 138
[][][]
 []


Underfull \hbox (badness 10000) detected at line 159
[][][]
 []


Underfull \hbox (badness 10000) in paragraph at lines 160--161

 []

) (./classEqualizerPanel.tex [66] <./classEqualizerPanel__inherit__graph.pdf>
<classEqualizerPanel__inherit__graph.pdf, id=3722, 293.095pt x 209.78375pt>
File: classEqualizerPanel__inherit__graph.pdf Graphic file (type pdf)
<use classEqualizerPanel__inherit__graph.pdf>
Package pdftex.def Info: classEqualizerPanel__inherit__graph.pdf  used on input
 line 18.
(pdftex.def)             Requested size: 292.0pt x 208.99896pt.
 <./classEqualizerPanel__coll__graph.pdf>
<classEqualizerPanel__coll__graph.pdf, id=3730, 293.095pt x 209.78375pt>
File: classEqualizerPanel__coll__graph.pdf Graphic file (type pdf)
<use classEqualizerPanel__coll__graph.pdf>
Package pdftex.def Info: classEqualizerPanel__coll__graph.pdf  used on input li
ne 27.
(pdftex.def)             Requested size: 292.0pt x 208.99896pt.
 [67]
Underfull \hbox (badness 10000) detected at line 77
[][][]
 []

[68]
Underfull \hbox (badness 10000) detected at line 90
[][][]
 []

) (./classEventHandler.tex) (./classGuiAppApplication.tex <./classGuiAppApplica
tion__inherit__graph.pdf>
<classGuiAppApplication__inherit__graph.pdf, id=3770, 201.75375pt x 154.5775pt>

File: classGuiAppApplication__inherit__graph.pdf Graphic file (type pdf)
<use classGuiAppApplication__inherit__graph.pdf>
Package pdftex.def Info: classGuiAppApplication__inherit__graph.pdf  used on in
put line 14.
(pdftex.def)             Requested size: 201.0pt x 154.00159pt.
 <./classGuiAppApplication__coll__graph.pdf>
<classGuiAppApplication__coll__graph.pdf, id=3778, 201.75375pt x 154.5775pt>
File: classGuiAppApplication__coll__graph.pdf Graphic file (type pdf)
<use classGuiAppApplication__coll__graph.pdf>
Package pdftex.def Info: classGuiAppApplication__coll__graph.pdf  used on input
 line 23.
(pdftex.def)             Requested size: 201.0pt x 154.00159pt.
 [69]
[70]
LaTeX Font Info:    Font shape `TS1/phv/m/it' in size <9> not available
(Font)              Font shape `TS1/phv/m/sl' tried instead on input line 50.
LaTeX Font Info:    Font shape `TS1/phv/m/sl' will be
(Font)              scaled to size 8.09995pt on input line 50.

Underfull \hbox (badness 10000) detected at line 58
[][][]
 []


Underfull \hbox (badness 10000) detected at line 74
[][][]
 []


Underfull \hbox (badness 10000) detected at line 87
[][][]
 []


Underfull \hbox (badness 10000) detected at line 100
[][][]
 []

[71]
Underfull \hbox (badness 10000) detected at line 128
[][][]
 []

) (./classI2CBus.tex) (./classLayout.tex <./classLayout__inherit__graph.pdf>
<classLayout__inherit__graph.pdf, id=3826, 179.67125pt x 154.5775pt>
File: classLayout__inherit__graph.pdf Graphic file (type pdf)
<use classLayout__inherit__graph.pdf>
Package pdftex.def Info: classLayout__inherit__graph.pdf  used on input line 18
.
(pdftex.def)             Requested size: 179.0pt x 154.01102pt.
 <./classLayout__coll__graph.pdf>
<classLayout__coll__graph.pdf, id=3834, 179.67125pt x 154.5775pt>
File: classLayout__coll__graph.pdf Graphic file (type pdf)
<use classLayout__coll__graph.pdf>
Package pdftex.def Info: classLayout__coll__graph.pdf  used on input line 27.
(pdftex.def)             Requested size: 179.0pt x 154.01102pt.
 [72] [73] [74]
Underfull \hbox (badness 10000) detected at line 58
[][][]
 []


Underfull \hbox (badness 10000) detected at line 71
[][][]
 []

) (./classGuiAppApplication_1_1MainWindow.tex <./classGuiAppApplication_1_1Main
Window__inherit__graph.pdf>
<classGuiAppApplication_1_1MainWindow__inherit__graph.pdf, id=3873, 212.795pt x
 165.61874pt>
File: classGuiAppApplication_1_1MainWindow__inherit__graph.pdf Graphic file (ty
pe pdf)
<use classGuiAppApplication_1_1MainWindow__inherit__graph.pdf>
Package pdftex.def Info: classGuiAppApplication_1_1MainWindow__inherit__graph.p
df  used on input line 14.
(pdftex.def)             Requested size: 212.0pt x 165.00928pt.
 <./classGuiAppApplication_1_1MainWindow__coll__graph.pdf>
<classGuiAppApplication_1_1MainWindow__coll__graph.pdf, id=3881, 212.795pt x 16
5.61874pt>
File: classGuiAppApplication_1_1MainWindow__coll__graph.pdf Graphic file (type 
pdf)
<use classGuiAppApplication_1_1MainWindow__coll__graph.pdf>
Package pdftex.def Info: classGuiAppApplication_1_1MainWindow__coll__graph.pdf 
 used on input line 23.
(pdftex.def)             Requested size: 212.0pt x 165.00928pt.
 [75]
Underfull \hbox (badness 10000) detected at line 38
[][][]
 []


Underfull \hbox (badness 10000) detected at line 63
[][][]
 []

) (./classMidiCoordinator.tex [76]
Overfull \hbox (41.5152pt too wide) in paragraph at lines 10--11
[]\T1/pcr/m/n/10 #include $\OML/cmm/m/it/10 <$\T1/pcr/m/n/10 /home/ryan-mcbride
/[]Documents/[]Tromboneless/[]Core/include/[]Midi[]Coordinator.[]
 []

[77]) (./classMidiMessage.tex [78]
Overfull \hbox (17.5152pt too wide) in paragraph at lines 10--11
[]\T1/pcr/m/n/10 #include $\OML/cmm/m/it/10 <$\T1/pcr/m/n/10 /home/ryan-mcbride
/[]Documents/[]Tromboneless/[]Core/include/[]Midi[]Message.[]
 []

LaTeX Font Info:    Font shape `T1/phv/b/n' will be
(Font)              scaled to size 7.19995pt on input line 53.
[79]
Underfull \hbox (badness 10000) detected at line 110
[][][]
 []


Underfull \hbox (badness 10000) detected at line 123
[][][]
 []


Underfull \hbox (badness 10000) detected at line 136
[][][]
 []

) (./classMidiMessageBuilder.tex [80]
Overfull \vbox (22.66212pt too high) has occurred while \output is active []


[81]
Underfull \hbox (badness 10000) detected at line 63
[][][]
 []


Underfull \hbox (badness 10000) detected at line 85
[][][]
 []


Underfull \hbox (badness 10000) detected at line 105
[][][]
 []

) (./classNeedleLookAndFeel.tex
Underfull \hbox (badness 10000) in paragraph at lines 10--11
[]\T1/pcr/m/n/10 #include $\OML/cmm/m/it/10 <$\T1/pcr/m/n/10 /home/ryan-mcbride
/[]Documents/[]Tromboneless/[]App/inc/[]Custom[]Styles.[]
 []

[82] <./classNeedleLookAndFeel__inherit__graph.pdf>
<classNeedleLookAndFeel__inherit__graph.pdf, id=4003, 203.76125pt x 154.5775pt>

File: classNeedleLookAndFeel__inherit__graph.pdf Graphic file (type pdf)
<use classNeedleLookAndFeel__inherit__graph.pdf>
Package pdftex.def Info: classNeedleLookAndFeel__inherit__graph.pdf  used on in
put line 18.
(pdftex.def)             Requested size: 203.0pt x 154.0063pt.
 <./classNeedleLookAndFeel__coll__graph.pdf>
<classNeedleLookAndFeel__coll__graph.pdf, id=4011, 203.76125pt x 154.5775pt>
File: classNeedleLookAndFeel__coll__graph.pdf Graphic file (type pdf)
<use classNeedleLookAndFeel__coll__graph.pdf>
Package pdftex.def Info: classNeedleLookAndFeel__coll__graph.pdf  used on input
 line 27.
(pdftex.def)             Requested size: 203.0pt x 154.0063pt.
 [83]
Underfull \hbox (badness 10000) detected at line 82
[][][]
 []

[84]) (./classNotes.tex <./classNotes__inherit__graph.pdf>
<classNotes__inherit__graph.pdf, id=4045, 211.79124pt x 320.19624pt>
File: classNotes__inherit__graph.pdf Graphic file (type pdf)
<use classNotes__inherit__graph.pdf>
Package pdftex.def Info: classNotes__inherit__graph.pdf  used on input line 18.

(pdftex.def)             Requested size: 211.0pt x 319.01308pt.
 [85]
pdfTeX warning (ext4): destination with the same identifier (name{classNotes_a8
734fb9c1094a3becd78fe783ad43c0c}) has been already used, duplicate ignored
<to be read again> 
                   \relax 
l.24 ...ssNotes_a8734fb9c1094a3becd78fe783ad43c0c}
                                                  \label{classNotes_a8734fb9...
[86] [87] [88]
Underfull \hbox (badness 10000) detected at line 169
[][][]
 []

[89] [90] [91] [92] [93] [94]
Underfull \hbox (badness 10000) detected at line 465
[][][]
 []


Underfull \hbox (badness 10000) detected at line 483
[][][]
 []


Underfull \hbox (badness 10000) detected at line 501
[][][]
 []

[95]
Underfull \hbox (badness 10000) detected at line 519
[][][]
 []


Underfull \hbox (badness 10000) detected at line 537
[][][]
 []


Underfull \hbox (badness 10000) detected at line 555
[][][]
 []

[96]
Underfull \hbox (badness 10000) detected at line 573
[][][]
 []


Underfull \hbox (badness 10000) detected at line 591
[][][]
 []


Underfull \hbox (badness 10000) detected at line 609
[][][]
 []

[97]
Underfull \hbox (badness 10000) detected at line 627
[][][]
 []


Underfull \hbox (badness 10000) detected at line 645
[][][]
 []


Underfull \hbox (badness 10000) detected at line 663
[][][]
 []

[98]
Underfull \hbox (badness 10000) detected at line 681
[][][]
 []


Underfull \hbox (badness 10000) detected at line 699
[][][]
 []


Underfull \hbox (badness 10000) detected at line 717
[][][]
 []

[99]
Underfull \hbox (badness 10000) detected at line 735
[][][]
 []


Underfull \hbox (badness 10000) detected at line 753
[][][]
 []

) (./classOctaves.tex
Underfull \hbox (badness 10000) in paragraph at lines 5--6

 []

 <./classOctaves__inherit__graph.pdf>
<classOctaves__inherit__graph.pdf, id=4205, 211.79124pt x 320.19624pt>
File: classOctaves__inherit__graph.pdf Graphic file (type pdf)
<use classOctaves__inherit__graph.pdf>
Package pdftex.def Info: classOctaves__inherit__graph.pdf  used on input line 1
9.
(pdftex.def)             Requested size: 211.0pt x 319.01308pt.
 [100] <./classOctaves__coll__graph.pdf>
<classOctaves__coll__graph.pdf, id=4221, 150.5625pt x 165.61874pt>
File: classOctaves__coll__graph.pdf Graphic file (type pdf)
<use classOctaves__coll__graph.pdf>
Package pdftex.def Info: classOctaves__coll__graph.pdf  used on input line 28.
(pdftex.def)             Requested size: 150.0pt x 165.01434pt.

[101] [102]
pdfTeX warning (ext4): destination with the same identifier (name{classNotes_a8
734fb9c1094a3becd78fe783ad43c0c}) has been already used, duplicate ignored
<to be read again> 
                   \relax 
l.131 ...sNotes_a8734fb9c1094a3becd78fe783ad43c0c}
                                                  \label{classNotes_a8734fb9...

Underfull \hbox (badness 10000) in paragraph at lines 159--160

 []

[103]
Underfull \hbox (badness 10000) detected at line 183
[][][]
 []

[104]
Underfull \hbox (badness 10000) detected at line 210
[][][]
 []

) (./classOctavesWithHarmonics.tex <./classOctavesWithHarmonics__inherit__graph
.pdf>
<classOctavesWithHarmonics__inherit__graph.pdf, id=4313, 211.79124pt x 320.1962
4pt>
File: classOctavesWithHarmonics__inherit__graph.pdf Graphic file (type pdf)
<use classOctavesWithHarmonics__inherit__graph.pdf>
Package pdftex.def Info: classOctavesWithHarmonics__inherit__graph.pdf  used on
 input line 18.
(pdftex.def)             Requested size: 211.0pt x 319.01308pt.
 <./classOctavesWithHarmonics__coll__graph.pdf>
<classOctavesWithHarmonics__coll__graph.pdf, id=4321, 211.79124pt x 221.82875pt
>
File: classOctavesWithHarmonics__coll__graph.pdf Graphic file (type pdf)
<use classOctavesWithHarmonics__coll__graph.pdf>
Package pdftex.def Info: classOctavesWithHarmonics__coll__graph.pdf  used on in
put line 27.
(pdftex.def)             Requested size: 211.0pt x 221.00905pt.
 [105] [106] [107]
pdfTeX warning (ext4): destination with the same identifier (name{classNotes_a8
734fb9c1094a3becd78fe783ad43c0c}) has been already used, duplicate ignored
<to be read again> 
                   \relax 
l.163 ...sNotes_a8734fb9c1094a3becd78fe783ad43c0c}
                                                  \label{classNotes_a8734fb9...
[108] [109]
Underfull \hbox (badness 10000) detected at line 259
[][][]
 []

[110]
Underfull \hbox (badness 10000) detected at line 310
[][][]
 []

) (./classPanels.tex [111] <./classPanels__inherit__graph.pdf>
<classPanels__inherit__graph.pdf, id=4454, 355.3275pt x 209.78375pt>
File: classPanels__inherit__graph.pdf Graphic file (type pdf)
<use classPanels__inherit__graph.pdf>
Package pdftex.def Info: classPanels__inherit__graph.pdf  used on input line 18
.
(pdftex.def)             Requested size: 350.0pt x 206.6462pt.
 <./classPanels__coll__graph.pdf>
<classPanels__coll__graph.pdf, id=4462, 179.67125pt x 154.5775pt>
File: classPanels__coll__graph.pdf Graphic file (type pdf)
<use classPanels__coll__graph.pdf>
Package pdftex.def Info: classPanels__coll__graph.pdf  used on input line 27.
(pdftex.def)             Requested size: 179.0pt x 154.01102pt.
 [112]
Underfull \hbox (badness 10000) detected at line 50
[][][]
 []


Underfull \hbox (badness 10000) detected at line 86
[][][]
 []

[113]) (./structPitchMapper_1_1PartialDef.tex) (./classPitchMapper.tex
Underfull \hbox (badness 10000) in paragraph at lines 10--11
[]\T1/pcr/m/n/10 #include $\OML/cmm/m/it/10 <$\T1/pcr/m/n/10 /home/ryan-mcbride
/[]Documents/[]Tromboneless/[]Core/include/[]Pitch[]
 []

[114] [115]
Underfull \hbox (badness 10000) detected at line 84
[][][]
 []

) (./classPressureSensor.tex
Overfull \hbox (41.5152pt too wide) in paragraph at lines 10--11
[]\T1/pcr/m/n/10 #include $\OML/cmm/m/it/10 <$\T1/pcr/m/n/10 /home/ryan-mcbride
/[]Documents/[]Tromboneless/[]Core/include/drivers/pressure[]
 []

) (./structRawInputEvent.tex [116]) (./classRtMidiSink.tex) (./classSliders.tex
 <./classSliders__inherit__graph.pdf>
<classSliders__inherit__graph.pdf, id=4548, 289.08pt x 209.78375pt>
File: classSliders__inherit__graph.pdf Graphic file (type pdf)
<use classSliders__inherit__graph.pdf>
Package pdftex.def Info: classSliders__inherit__graph.pdf  used on input line 1
9.
(pdftex.def)             Requested size: 288.0pt x 209.01176pt.
 <./classSliders__coll__graph.pdf>
<classSliders__coll__graph.pdf, id=4556, 375.4025pt x 296.10625pt>
File: classSliders__coll__graph.pdf Graphic file (type pdf)
<use classSliders__coll__graph.pdf>
Package pdftex.def Info: classSliders__coll__graph.pdf  used on input line 28.
(pdftex.def)             Requested size: 350.0pt x 276.08531pt.

[117] [118] [119]
Underfull \hbox (badness 10000) detected at line 155
[][][]
 []


Underfull \hbox (badness 10000) in paragraph at lines 156--157

 []

[120] [121]
Underfull \hbox (badness 10000) detected at line 234
[][][]
 []

) (./classSliderWithLabel.tex <./classSliderWithLabel__inherit__graph.pdf>
<classSliderWithLabel__inherit__graph.pdf, id=4651, 297.11pt x 264.99pt>
File: classSliderWithLabel__inherit__graph.pdf Graphic file (type pdf)
<use classSliderWithLabel__inherit__graph.pdf>
Package pdftex.def Info: classSliderWithLabel__inherit__graph.pdf  used on inpu
t line 18.
(pdftex.def)             Requested size: 296.0pt x 264.01083pt.

[122] <./classSliderWithLabel__coll__graph.pdf>
<classSliderWithLabel__coll__graph.pdf, id=4665, 179.67125pt x 154.5775pt>
File: classSliderWithLabel__coll__graph.pdf Graphic file (type pdf)
<use classSliderWithLabel__coll__graph.pdf>
Package pdftex.def Info: classSliderWithLabel__coll__graph.pdf  used on input l
ine 27.
(pdftex.def)             Requested size: 179.0pt x 154.01102pt.

pdfTeX warning (ext4): destination with the same identifier (name{classSliderWi
thLabel_ad8662ad2ad354d6769f15e555f32f2fe}) has been already used, duplicate ig
nored
<to be read again> 
                   \relax 
l.33 ...thLabel_ad8662ad2ad354d6769f15e555f32f2fe}
                                                  \label{classSliderWithLabe...

pdfTeX warning (ext4): destination with the same identifier (name{classSliderWi
thLabel_ab9bc346c16ea8bf568905afc99ab9bc3}) has been already used, duplicate ig
nored
<to be read again> 
                   \relax 
l.46 ...thLabel_ab9bc346c16ea8bf568905afc99ab9bc3}
                                                  \label{classSliderWithLabe...
[123] [124]
Underfull \hbox (badness 10000) detected at line 108
[][][]
 []

[125]
Underfull \hbox (badness 10000) detected at line 181
[][][]
 []

[126]) (./structSynthesiserParameters__t.tex
Underfull \hbox (badness 10000) in paragraph at lines 10--11
[]\T1/pcr/m/n/10 #include $\OML/cmm/m/it/10 <$\T1/pcr/m/n/10 /home/ryan-mcbride
/[]Documents/[]Tromboneless/[]Shared/tromboneless[]_[]
 []

) (./classToFSensor.tex [127]) (./structTrombonelessParameters__t.tex
Underfull \hbox (badness 10000) in paragraph at lines 10--11
[]\T1/pcr/m/n/10 #include $\OML/cmm/m/it/10 <$\T1/pcr/m/n/10 /home/ryan-mcbride
/[]Documents/[]Tromboneless/[]Shared/tromboneless[]_[]
 []


Underfull \hbox (badness 10000) in paragraph at lines 32--33

 []

) (./classTromboneSynth.tex [128]
Underfull \hbox (badness 10000) in paragraph at lines 10--11
[]\T1/pcr/m/n/10 #include $\OML/cmm/m/it/10 <$\T1/pcr/m/n/10 /home/ryan-mcbride
/[]Documents/[]Tromboneless/[]Core/include/trombone[]
 []

 <./classTromboneSynth__inherit__graph.pdf>
<classTromboneSynth__inherit__graph.pdf, id=4754, 211.79124pt x 320.19624pt>
File: classTromboneSynth__inherit__graph.pdf Graphic file (type pdf)
<use classTromboneSynth__inherit__graph.pdf>
Package pdftex.def Info: classTromboneSynth__inherit__graph.pdf  used on input 
line 18.
(pdftex.def)             Requested size: 211.0pt x 319.01308pt.
 <./classTromboneSynth__coll__graph.pdf>
<classTromboneSynth__coll__graph.pdf, id=4762, 211.79124pt x 278.03876pt>
File: classTromboneSynth__coll__graph.pdf Graphic file (type pdf)
<use classTromboneSynth__coll__graph.pdf>
Package pdftex.def Info: classTromboneSynth__coll__graph.pdf  used on input lin
e 27.
(pdftex.def)             Requested size: 211.0pt x 277.01137pt.
 [129]
Underfull \hbox (badness 795) in paragraph at lines 33--34
[][] \T1/phv/m/n/10 (int sample[]Rate=44100, float attack=10.[]0f, float decay=
50.[]0f, float sustain=1.[]0f, float
 []

[130] [131] [132]
pdfTeX warning (ext4): destination with the same identifier (name{classNotes_a8
734fb9c1094a3becd78fe783ad43c0c}) has been already used, duplicate ignored
<to be read again> 
                   \relax 
l.196 ...sNotes_a8734fb9c1094a3becd78fe783ad43c0c}
                                                  \label{classNotes_a8734fb9...
[133]
Overfull \vbox (50.34943pt too high) has occurred while \output is active []


[134] [135] [136] [137] [138]) (./classverticalMixSlider.tex [139] <./classvert
icalMixSlider__inherit__graph.pdf>
<classverticalMixSlider__inherit__graph.pdf, id=4956, 312.16624pt x 264.99pt>
File: classverticalMixSlider__inherit__graph.pdf Graphic file (type pdf)
<use classverticalMixSlider__inherit__graph.pdf>
Package pdftex.def Info: classverticalMixSlider__inherit__graph.pdf  used on in
put line 18.
(pdftex.def)             Requested size: 311.0pt x 264.00679pt.
 <./classverticalMixSlider__coll__graph.pdf>
<classverticalMixSlider__coll__graph.pdf, id=4964, 312.16624pt x 209.78375pt>
File: classverticalMixSlider__coll__graph.pdf Graphic file (type pdf)
<use classverticalMixSlider__coll__graph.pdf>
Package pdftex.def Info: classverticalMixSlider__coll__graph.pdf  used on input
 line 27.
(pdftex.def)             Requested size: 311.0pt x 209.00536pt.

[140]
pdfTeX warning (ext4): destination with the same identifier (name{classSliderWi
thLabel_ad8662ad2ad354d6769f15e555f32f2fe}) has been already used, duplicate ig
nored
<to be read again> 
                   \relax 
l.70 ...thLabel_ad8662ad2ad354d6769f15e555f32f2fe}
                                                  \label{classSliderWithLabe...

pdfTeX warning (ext4): destination with the same identifier (name{classSliderWi
thLabel_ab9bc346c16ea8bf568905afc99ab9bc3}) has been already used, duplicate ig
nored
<to be read again> 
                   \relax 
l.83 ...thLabel_ab9bc346c16ea8bf568905afc99ab9bc3}
                                                  \label{classSliderWithLabe...
[141]
Underfull \hbox (badness 10000) detected at line 114
[][][]
 []

) (./classVerticalSliderLookAndFeel.tex
Underfull \hbox (badness 10000) in paragraph at lines 10--11
[]\T1/pcr/m/n/10 #include $\OML/cmm/m/it/10 <$\T1/pcr/m/n/10 /home/ryan-mcbride
/[]Documents/[]Tromboneless/[]App/inc/[]Custom[]Styles.[]
 []

 <./classVerticalSliderLookAndFeel__inherit__graph.pdf>
<classVerticalSliderLookAndFeel__inherit__graph.pdf, id=5011, 223.83624pt x 154
.5775pt>
File: classVerticalSliderLookAndFeel__inherit__graph.pdf Graphic file (type pdf
)
<use classVerticalSliderLookAndFeel__inherit__graph.pdf>
Package pdftex.def Info: classVerticalSliderLookAndFeel__inherit__graph.pdf  us
ed on input line 18.
(pdftex.def)             Requested size: 223.0pt x 154.00394pt.
 [142] <./classVerticalSliderLookAndFeel__coll__graph.pdf>
<classVerticalSliderLookAndFeel__coll__graph.pdf, id=5025, 223.83624pt x 154.57
75pt>
File: classVerticalSliderLookAndFeel__coll__graph.pdf Graphic file (type pdf)
<use classVerticalSliderLookAndFeel__coll__graph.pdf>
Package pdftex.def Info: classVerticalSliderLookAndFeel__coll__graph.pdf  used 
on input line 27.
(pdftex.def)             Requested size: 223.0pt x 154.00394pt.
 [143] [144]
Underfull \hbox (badness 10000) detected at line 100
[][][]
 []

[145] [146] [147] [148] [149] [150]) [151] [152

]
Chapter 9.
(./CustomStyles_8hpp.tex <./CustomStyles_8hpp__incl.pdf>
<CustomStyles_8hpp__incl.pdf, id=5158, 483.8075pt x 187.70125pt>
File: CustomStyles_8hpp__incl.pdf Graphic file (type pdf)
<use CustomStyles_8hpp__incl.pdf>
Package pdftex.def Info: CustomStyles_8hpp__incl.pdf  used on input line 16.
(pdftex.def)             Requested size: 350.0pt x 135.79494pt.
 <./CustomStyles_8hpp__dep__incl.pdf>
<CustomStyles_8hpp__dep__incl.pdf, id=5166, 546.04pt x 430.60875pt>
File: CustomStyles_8hpp__dep__incl.pdf Graphic file (type pdf)
<use CustomStyles_8hpp__dep__incl.pdf>
Package pdftex.def Info: CustomStyles_8hpp__dep__incl.pdf  used on input line 2
3.
(pdftex.def)             Requested size: 350.0pt x 276.00916pt.
 [153] [154]
Underfull \hbox (badness 10000) detected at line 51
[][][]
 []


Underfull \hbox (badness 10000) detected at line 78
[][][]
 []

[155] [156]
Underfull \hbox (badness 10000) detected at line 164
[][][]
 []

) (./CustomStyles_8hpp_source.tex [157] [158]) (./Layout_8hpp.tex <./Layout_8hp
p__incl.pdf>
<Layout_8hpp__incl.pdf, id=5275, 833.1125pt x 364.36125pt>
File: Layout_8hpp__incl.pdf Graphic file (type pdf)
<use Layout_8hpp__incl.pdf>
Package pdftex.def Info: Layout_8hpp__incl.pdf  used on input line 19.
(pdftex.def)             Requested size: 350.0pt x 153.07515pt.
 [159] <./Layout_8hpp__dep__incl.pdf>
<Layout_8hpp__dep__incl.pdf, id=5288, 226.8475pt x 198.7425pt>
File: Layout_8hpp__dep__incl.pdf Graphic file (type pdf)
<use Layout_8hpp__dep__incl.pdf>
Package pdftex.def Info: Layout_8hpp__dep__incl.pdf  used on input line 26.
(pdftex.def)             Requested size: 226.0pt x 198.00204pt.

Underfull \hbox (badness 10000) detected at line 39
[][][]
 []

) (./Layout_8hpp_source.tex [160]) (./Panels_8hpp.tex <./Panels_8hpp__incl.pdf>
<Panels_8hpp__incl.pdf, id=5320, 695.59875pt x 309.155pt>
File: Panels_8hpp__incl.pdf Graphic file (type pdf)
<use Panels_8hpp__incl.pdf>
Package pdftex.def Info: Panels_8hpp__incl.pdf  used on input line 13.
(pdftex.def)             Requested size: 350.0pt x 155.55359pt.
[161] <./Panels_8hpp__dep__incl.pdf>
<Panels_8hpp__dep__incl.pdf, id=5334, 429.605pt x 276.03125pt>
File: Panels_8hpp__dep__incl.pdf Graphic file (type pdf)
<use Panels_8hpp__dep__incl.pdf>
Package pdftex.def Info: Panels_8hpp__dep__incl.pdf  used on input line 20.
(pdftex.def)             Requested size: 350.0pt x 224.88554pt.
 [162]
Underfull \hbox (badness 10000) detected at line 40
[][][]
 []

) (./Panels_8hpp_source.tex [163]) (./Widgets_8hpp.tex <./Widgets_8hpp__incl.pd
f>
<Widgets_8hpp__incl.pdf, id=5400, 695.59875pt x 253.94875pt>
File: Widgets_8hpp__incl.pdf Graphic file (type pdf)
<use Widgets_8hpp__incl.pdf>
Package pdftex.def Info: Widgets_8hpp__incl.pdf  used on input line 19.
(pdftex.def)             Requested size: 350.0pt x 127.77617pt.
 [164] <./Widgets_8hpp__dep__incl.pdf>
<Widgets_8hpp__dep__incl.pdf, id=5413, 546.04pt x 353.32pt>
File: Widgets_8hpp__dep__incl.pdf Graphic file (type pdf)
<use Widgets_8hpp__dep__incl.pdf>
Package pdftex.def Info: Widgets_8hpp__dep__incl.pdf  used on input line 26.
(pdftex.def)             Requested size: 350.0pt x 226.46907pt.
 [165]
Underfull \hbox (badness 10000) detected at line 55
[][][]
 []

) (./Widgets_8hpp_source.tex [166] [167] [168] [169]) (./CustomStyles_8cpp.tex 
<./CustomStyles_8cpp__incl.pdf>
<CustomStyles_8cpp__incl.pdf, id=5568, 483.8075pt x 242.9075pt>
File: CustomStyles_8cpp__incl.pdf Graphic file (type pdf)
<use CustomStyles_8cpp__incl.pdf>
Package pdftex.def Info: CustomStyles_8cpp__incl.pdf  used on input line 13.
(pdftex.def)             Requested size: 350.0pt x 175.73462pt.
 [170]
Underfull \hbox (badness 10000) detected at line 32
[][][]
 []

[171]
Underfull \hbox (badness 10000) detected at line 59
[][][]
 []

[172]
Underfull \hbox (badness 10000) detected at line 145
[][][]
 []

) (./Layout_8cpp.tex <./Layout_8cpp__incl.pdf>
<Layout_8cpp__incl.pdf, id=5603, 1069.9975pt x 419.5675pt>
File: Layout_8cpp__incl.pdf Graphic file (type pdf)
<use Layout_8cpp__incl.pdf>
Package pdftex.def Info: Layout_8cpp__incl.pdf  used on input line 20.
(pdftex.def)             Requested size: 350.0pt x 137.2413pt.
 [173]
Underfull \hbox (badness 10000) detected at line 28
[][][]
 []

) (./Panels_8cpp.tex <./Panels_8cpp__incl.pdf>
<Panels_8cpp__incl.pdf, id=5619, 667.49374pt x 364.36125pt>
File: Panels_8cpp__incl.pdf Graphic file (type pdf)
<use Panels_8cpp__incl.pdf>
Package pdftex.def Info: Panels_8cpp__incl.pdf  used on input line 15.
(pdftex.def)             Requested size: 350.0pt x 191.059pt.
 [174]
Underfull \hbox (badness 10000) detected at line 23
[][][]
 []

) (./Widgets_8cpp.tex <./Widgets_8cpp__incl.pdf>
<Widgets_8cpp__incl.pdf, id=5634, 695.59875pt x 309.155pt>
File: Widgets_8cpp__incl.pdf Graphic file (type pdf)
<use Widgets_8cpp__incl.pdf>
Package pdftex.def Info: Widgets_8cpp__incl.pdf  used on input line 13.
(pdftex.def)             Requested size: 350.0pt x 155.55359pt.
 [175]
Underfull \hbox (badness 10000) detected at line 21
[][][]
 []

) (./AmplitudeMapper_8hpp_source.tex) (./audioRender_8hpp_source.tex [176])
(./CoreWrapper_8hpp.tex <./CoreWrapper_8hpp__incl.pdf>
<CoreWrapper_8hpp__incl.pdf, id=5666, 2375.87625pt x 397.485pt>
File: CoreWrapper_8hpp__incl.pdf Graphic file (type pdf)
<use CoreWrapper_8hpp__incl.pdf>
Package pdftex.def Info: CoreWrapper_8hpp__incl.pdf  used on input line 26.
(pdftex.def)             Requested size: 350.0pt x 58.5527pt.
 <./CoreWrapper_8hpp__dep__incl.pdf>
<CoreWrapper_8hpp__dep__incl.pdf, id=5674, 247.92625pt x 198.7425pt>
File: CoreWrapper_8hpp__dep__incl.pdf Graphic file (type pdf)
<use CoreWrapper_8hpp__dep__incl.pdf>
Package pdftex.def Info: CoreWrapper_8hpp__dep__incl.pdf  used on input line 33
.
(pdftex.def)             Requested size: 247.0pt x 198.00204pt.
 [177]
Underfull \hbox (badness 10000) detected at line 46
[][][]
 []

) (./CoreWrapper_8hpp_source.tex [178]) (./audio__output_8hpp_source.tex)
(./cap1188__registers_8hpp_source.tex [179] [180] [181])
(./cap__sensor_8hpp_source.tex [182] [183]) (./i2c__bus_8hpp_source.tex
[184]) (./Pin__Definitions_8h_source.tex) (./pressure__sensor_8hpp_source.tex
[185]) (./tof__sensor_8hpp_source.tex) (./USBMidi_8hpp_source.tex [186])
(./envelope_8hpp.tex <./envelope_8hpp__incl.pdf>
<envelope_8hpp__incl.pdf, id=5779, 229.85875pt x 176.66pt>
File: envelope_8hpp__incl.pdf Graphic file (type pdf)
<use envelope_8hpp__incl.pdf>
Package pdftex.def Info: envelope_8hpp__incl.pdf  used on input line 13.
(pdftex.def)             Requested size: 229.0pt x 176.00992pt.
 <./envelope_8hpp__dep__incl.pdf>
<envelope_8hpp__dep__incl.pdf, id=5787, 516.93124pt x 507.8975pt>
File: envelope_8hpp__dep__incl.pdf Graphic file (type pdf)
<use envelope_8hpp__dep__incl.pdf>
Package pdftex.def Info: envelope_8hpp__dep__incl.pdf  used on input line 20.
(pdftex.def)             Requested size: 350.0pt x 343.89326pt.
 [187]
Underfull \hbox (badness 10000) detected at line 33
[][][]
 []

) (./envelope_8hpp_source.tex [188]) (./eventHandler_8hpp_source.tex [189])
(./main_8hpp_source.tex) (./MidiCoordinator_8hpp_source.tex [190])
(./MidiMessage_8hpp_source.tex) (./MidiMessageBuilder_8hpp_source.tex [191])
(./PitchMapper_8hpp_source.tex [192]) (./synth_8hpp.tex <./synth_8hpp__incl.pdf
>
<synth_8hpp__incl.pdf, id=5901, 357.335pt x 176.66pt>
File: synth_8hpp__incl.pdf Graphic file (type pdf)
<use synth_8hpp__incl.pdf>
Package pdftex.def Info: synth_8hpp__incl.pdf  used on input line 16.
(pdftex.def)             Requested size: 350.0pt x 173.04204pt.
 <./synth_8hpp__dep__incl.pdf>
<synth_8hpp__dep__incl.pdf, id=5909, 516.93124pt x 507.8975pt>
File: synth_8hpp__dep__incl.pdf Graphic file (type pdf)
<use synth_8hpp__dep__incl.pdf>
Package pdftex.def Info: synth_8hpp__dep__incl.pdf  used on input line 23.
(pdftex.def)             Requested size: 350.0pt x 343.89326pt.
 [193]
Underfull \hbox (badness 10000) in paragraph at lines 32--33

 []


Underfull \hbox (badness 10000) detected at line 41
[][][]
 []


Underfull \hbox (badness 10000) detected at line 44
[][][]
 []

) (./synth_8hpp_source.tex [194] [195] [196]) (./tromboneSynth_8hpp.tex <./trom
boneSynth_8hpp__incl.pdf>
<tromboneSynth_8hpp__incl.pdf, id=6011, 377.41pt x 231.86626pt>
File: tromboneSynth_8hpp__incl.pdf Graphic file (type pdf)
<use tromboneSynth_8hpp__incl.pdf>
Package pdftex.def Info: tromboneSynth_8hpp__incl.pdf  used on input line 14.
(pdftex.def)             Requested size: 350.0pt x 215.02484pt.
 <./tromboneSynth_8hpp__dep__incl.pdf>
<tromboneSynth_8hpp__dep__incl.pdf, id=6019, 516.93124pt x 430.60875pt>
File: tromboneSynth_8hpp__dep__incl.pdf Graphic file (type pdf)
<use tromboneSynth_8hpp__dep__incl.pdf>
Package pdftex.def Info: tromboneSynth_8hpp__dep__incl.pdf  used on input line 
21.
(pdftex.def)             Requested size: 350.0pt x 291.56166pt.
 [197]
Underfull \hbox (badness 10000) detected at line 34
[][][]
 []

) (./tromboneSynth_8hpp_source.tex [198] [199]) (./CoreWrapper_8cpp.tex <./Core
Wrapper_8cpp__incl.pdf>
<CoreWrapper_8cpp__incl.pdf, id=6083, 2375.87625pt x 452.69125pt>
File: CoreWrapper_8cpp__incl.pdf Graphic file (type pdf)
<use CoreWrapper_8cpp__incl.pdf>
Package pdftex.def Info: CoreWrapper_8cpp__incl.pdf  used on input line 13.
(pdftex.def)             Requested size: 350.0pt x 66.68503pt.

Underfull \hbox (badness 10000) detected at line 21
[][][]
 []

) (./envelope_8cpp.tex <./envelope_8cpp__incl.pdf>
<envelope_8cpp__incl.pdf, id=6091, 393.47pt x 231.86626pt>
File: envelope_8cpp__incl.pdf Graphic file (type pdf)
<use envelope_8cpp__incl.pdf>
Package pdftex.def Info: envelope_8cpp__incl.pdf  used on input line 16.
(pdftex.def)             Requested size: 350.0pt x 206.24709pt.
 [200]
Underfull \hbox (badness 10000) detected at line 24
[][][]
 []

) (./synth_8cpp.tex <./synth_8cpp__incl.pdf>
<synth_8cpp__incl.pdf, id=6106, 357.335pt x 231.86626pt>
File: synth_8cpp__incl.pdf Graphic file (type pdf)
<use synth_8cpp__incl.pdf>
Package pdftex.def Info: synth_8cpp__incl.pdf  used on input line 13.
(pdftex.def)             Requested size: 350.0pt x 227.11769pt.
 [201]
Underfull \hbox (badness 10000) detected at line 21
[][][]
 []

) (./tromboneSynth_8cpp.tex <./tromboneSynth_8cpp__incl.pdf>
<tromboneSynth_8cpp__incl.pdf, id=6122, 407.5225pt x 287.0725pt>
File: tromboneSynth_8cpp__incl.pdf Graphic file (type pdf)
<use tromboneSynth_8cpp__incl.pdf>
Package pdftex.def Info: tromboneSynth_8cpp__incl.pdf  used on input line 15.
(pdftex.def)             Requested size: 350.0pt x 246.56215pt.
 [202]
Underfull \hbox (badness 10000) detected at line 23
[][][]
 []

) (./tromboneless__data_8hpp_source.tex [203]) [204]
No file refman.ind.
(./refman.aux)
 ***********
LaTeX2e <2023-11-01> patch level 1
L3 programming layer <2024-01-22>
 ***********


LaTeX Warning: There were multiply-defined labels.

Package rerunfilecheck Info: File `refman.out' has not changed.
(rerunfilecheck)             Checksum: 9708A87AEB3FF8A3BF5E03376F5FB375;92935.
 ) 
Here is how much of TeX's memory you used:
 21769 strings out of 476182
 403056 string characters out of 5795595
 1949975 words of memory out of 5000000
 41694 multiletter control sequences out of 15000+600000
 615173 words of font info for 109 fonts, out of 8000000 for 9000
 14 hyphenation exceptions out of 8191
 101i,16n,117p,1127b,754s stack positions out of 10000i,1000n,20000p,200000b,200000s
</usr/share/texlive/texmf-dist/fonts/type1/public/amsfonts/cm/cmmi10.pfb></us
r/share/texlive/texmf-dist/fonts/type1/public/amsfonts/cm/cmmi7.pfb></usr/share
/texlive/texmf-dist/fonts/type1/public/amsfonts/cm/cmmi8.pfb></usr/share/texliv
e/texmf-dist/fonts/type1/public/amsfonts/cm/cmsy10.pfb></usr/share/texlive/texm
f-dist/fonts/type1/public/amsfonts/cm/cmsy7.pfb></usr/share/texlive/texmf-dist/
fonts/type1/public/amsfonts/cm/cmsy8.pfb></usr/share/texlive/texmf-dist/fonts/t
ype1/urw/courier/ucrb8a.pfb></usr/share/texlive/texmf-dist/fonts/type1/urw/cour
ier/ucrr8a.pfb></usr/share/texlive/texmf-dist/fonts/type1/urw/courier/ucrro8a.p
fb></usr/share/texlive/texmf-dist/fonts/type1/urw/helvetic/uhvb8a.pfb></usr/sha
re/texlive/texmf-dist/fonts/type1/urw/helvetic/uhvb8ac.pfb></usr/share/texlive/
texmf-dist/fonts/type1/urw/helvetic/uhvr8a.pfb></usr/share/texlive/texmf-dist/f
onts/type1/urw/helvetic/uhvro8a.pfb>
Output written on refman.pdf (218 pages, 1123086 bytes).
PDF statistics:
 6551 PDF objects out of 7423 (max. 8388607)
 5967 compressed objects within 60 object streams
 1559 named destinations out of 1728 (max. 500000)
 3788 words of extra memory for PDF output out of 10000 (max. 10000000)

